[07-Jan-2015 04:30:09 UTC] PHP Warning:  strtotime(): It is not safe to rely on the system's timezone settings. You are *required* to use the date.timezone setting or the date_default_timezone_set() function. In case you used any of those methods and you are still getting this warning, you most likely misspelled the timezone identifier. We selected the timezone 'UTC' for now, but please set date.timezone to select your timezone. in C:\inetpub\wwwroot\cake-starter\lib\Cake\Cache\CacheEngine.php on line 60
[07-Jan-2015 04:30:09 UTC] PHP Warning:  strtotime(): It is not safe to rely on the system's timezone settings. You are *required* to use the date.timezone setting or the date_default_timezone_set() function. In case you used any of those methods and you are still getting this warning, you most likely misspelled the timezone identifier. We selected the timezone 'UTC' for now, but please set date.timezone to select your timezone. in C:\inetpub\wwwroot\cake-starter\lib\Cake\Cache\CacheEngine.php on line 60
[07-Jan-2015 13:15:10 UTC] PHP Warning:  strtotime(): It is not safe to rely on the system's timezone settings. You are *required* to use the date.timezone setting or the date_default_timezone_set() function. In case you used any of those methods and you are still getting this warning, you most likely misspelled the timezone identifier. We selected the timezone 'UTC' for now, but please set date.timezone to select your timezone. in C:\inetpub\wwwroot\cake-starter\lib\Cake\Cache\CacheEngine.php on line 60
[07-Jan-2015 13:15:10 UTC] PHP Warning:  strtotime(): It is not safe to rely on the system's timezone settings. You are *required* to use the date.timezone setting or the date_default_timezone_set() function. In case you used any of those methods and you are still getting this warning, you most likely misspelled the timezone identifier. We selected the timezone 'UTC' for now, but please set date.timezone to select your timezone. in C:\inetpub\wwwroot\cake-starter\lib\Cake\Cache\CacheEngine.php on line 60
[07-Jan-2015 13:29:50 UTC] PHP Warning:  strtotime(): It is not safe to rely on the system's timezone settings. You are *required* to use the date.timezone setting or the date_default_timezone_set() function. In case you used any of those methods and you are still getting this warning, you most likely misspelled the timezone identifier. We selected the timezone 'UTC' for now, but please set date.timezone to select your timezone. in C:\inetpub\wwwroot\cake-starter\lib\Cake\Cache\CacheEngine.php on line 60
[07-Jan-2015 13:29:50 UTC] PHP Warning:  strtotime(): It is not safe to rely on the system's timezone settings. You are *required* to use the date.timezone setting or the date_default_timezone_set() function. In case you used any of those methods and you are still getting this warning, you most likely misspelled the timezone identifier. We selected the timezone 'UTC' for now, but please set date.timezone to select your timezone. in C:\inetpub\wwwroot\cake-starter\lib\Cake\Cache\CacheEngine.php on line 60
[07-Jan-2015 13:31:43 UTC] PHP Warning:  strtotime(): It is not safe to rely on the system's timezone settings. You are *required* to use the date.timezone setting or the date_default_timezone_set() function. In case you used any of those methods and you are still getting this warning, you most likely misspelled the timezone identifier. We selected the timezone 'UTC' for now, but please set date.timezone to select your timezone. in C:\inetpub\wwwroot\cake-starter\lib\Cake\Cache\CacheEngine.php on line 60
[07-Jan-2015 13:31:43 UTC] PHP Warning:  strtotime(): It is not safe to rely on the system's timezone settings. You are *required* to use the date.timezone setting or the date_default_timezone_set() function. In case you used any of those methods and you are still getting this warning, you most likely misspelled the timezone identifier. We selected the timezone 'UTC' for now, but please set date.timezone to select your timezone. in C:\inetpub\wwwroot\cake-starter\lib\Cake\Cache\CacheEngine.php on line 60
[07-Jan-2015 13:31:46 UTC] PHP Warning:  strtotime(): It is not safe to rely on the system's timezone settings. You are *required* to use the date.timezone setting or the date_default_timezone_set() function. In case you used any of those methods and you are still getting this warning, you most likely misspelled the timezone identifier. We selected the timezone 'UTC' for now, but please set date.timezone to select your timezone. in C:\inetpub\wwwroot\cake-starter\lib\Cake\Cache\CacheEngine.php on line 60
[07-Jan-2015 13:31:46 UTC] PHP Warning:  strtotime(): It is not safe to rely on the system's timezone settings. You are *required* to use the date.timezone setting or the date_default_timezone_set() function. In case you used any of those methods and you are still getting this warning, you most likely misspelled the timezone identifier. We selected the timezone 'UTC' for now, but please set date.timezone to select your timezone. in C:\inetpub\wwwroot\cake-starter\lib\Cake\Cache\CacheEngine.php on line 60
[07-Jan-2015 13:32:23 UTC] PHP Warning:  strtotime(): It is not safe to rely on the system's timezone settings. You are *required* to use the date.timezone setting or the date_default_timezone_set() function. In case you used any of those methods and you are still getting this warning, you most likely misspelled the timezone identifier. We selected the timezone 'UTC' for now, but please set date.timezone to select your timezone. in C:\inetpub\wwwroot\cake-starter\lib\Cake\Cache\CacheEngine.php on line 60
[07-Jan-2015 13:32:23 UTC] PHP Warning:  strtotime(): It is not safe to rely on the system's timezone settings. You are *required* to use the date.timezone setting or the date_default_timezone_set() function. In case you used any of those methods and you are still getting this warning, you most likely misspelled the timezone identifier. We selected the timezone 'UTC' for now, but please set date.timezone to select your timezone. in C:\inetpub\wwwroot\cake-starter\lib\Cake\Cache\CacheEngine.php on line 60
[07-Jan-2015 13:37:44 UTC] PHP Warning:  strtotime(): It is not safe to rely on the system's timezone settings. You are *required* to use the date.timezone setting or the date_default_timezone_set() function. In case you used any of those methods and you are still getting this warning, you most likely misspelled the timezone identifier. We selected the timezone 'UTC' for now, but please set date.timezone to select your timezone. in C:\inetpub\wwwroot\cake-starter\lib\Cake\Cache\CacheEngine.php on line 60
[07-Jan-2015 13:37:44 UTC] PHP Warning:  strtotime(): It is not safe to rely on the system's timezone settings. You are *required* to use the date.timezone setting or the date_default_timezone_set() function. In case you used any of those methods and you are still getting this warning, you most likely misspelled the timezone identifier. We selected the timezone 'UTC' for now, but please set date.timezone to select your timezone. in C:\inetpub\wwwroot\cake-starter\lib\Cake\Cache\CacheEngine.php on line 60
[07-Jan-2015 13:40:42 UTC] PHP Warning:  strtotime(): It is not safe to rely on the system's timezone settings. You are *required* to use the date.timezone setting or the date_default_timezone_set() function. In case you used any of those methods and you are still getting this warning, you most likely misspelled the timezone identifier. We selected the timezone 'UTC' for now, but please set date.timezone to select your timezone. in C:\inetpub\wwwroot\cake-starter\lib\Cake\Cache\CacheEngine.php on line 60
[07-Jan-2015 13:40:42 UTC] PHP Warning:  strtotime(): It is not safe to rely on the system's timezone settings. You are *required* to use the date.timezone setting or the date_default_timezone_set() function. In case you used any of those methods and you are still getting this warning, you most likely misspelled the timezone identifier. We selected the timezone 'UTC' for now, but please set date.timezone to select your timezone. in C:\inetpub\wwwroot\cake-starter\lib\Cake\Cache\CacheEngine.php on line 60
[07-Jan-2015 13:40:44 UTC] PHP Warning:  strtotime(): It is not safe to rely on the system's timezone settings. You are *required* to use the date.timezone setting or the date_default_timezone_set() function. In case you used any of those methods and you are still getting this warning, you most likely misspelled the timezone identifier. We selected the timezone 'UTC' for now, but please set date.timezone to select your timezone. in C:\inetpub\wwwroot\cake-starter\lib\Cake\Cache\CacheEngine.php on line 60
[07-Jan-2015 13:40:44 UTC] PHP Warning:  strtotime(): It is not safe to rely on the system's timezone settings. You are *required* to use the date.timezone setting or the date_default_timezone_set() function. In case you used any of those methods and you are still getting this warning, you most likely misspelled the timezone identifier. We selected the timezone 'UTC' for now, but please set date.timezone to select your timezone. in C:\inetpub\wwwroot\cake-starter\lib\Cake\Cache\CacheEngine.php on line 60
[07-Jan-2015 13:40:45 UTC] PHP Warning:  strtotime(): It is not safe to rely on the system's timezone settings. You are *required* to use the date.timezone setting or the date_default_timezone_set() function. In case you used any of those methods and you are still getting this warning, you most likely misspelled the timezone identifier. We selected the timezone 'UTC' for now, but please set date.timezone to select your timezone. in C:\inetpub\wwwroot\cake-starter\lib\Cake\Cache\CacheEngine.php on line 60
[07-Jan-2015 13:40:45 UTC] PHP Warning:  strtotime(): It is not safe to rely on the system's timezone settings. You are *required* to use the date.timezone setting or the date_default_timezone_set() function. In case you used any of those methods and you are still getting this warning, you most likely misspelled the timezone identifier. We selected the timezone 'UTC' for now, but please set date.timezone to select your timezone. in C:\inetpub\wwwroot\cake-starter\lib\Cake\Cache\CacheEngine.php on line 60
[07-Jan-2015 13:41:00 UTC] PHP Warning:  strtotime(): It is not safe to rely on the system's timezone settings. You are *required* to use the date.timezone setting or the date_default_timezone_set() function. In case you used any of those methods and you are still getting this warning, you most likely misspelled the timezone identifier. We selected the timezone 'UTC' for now, but please set date.timezone to select your timezone. in C:\inetpub\wwwroot\cake-starter\lib\Cake\Cache\CacheEngine.php on line 60
[07-Jan-2015 13:41:00 UTC] PHP Warning:  strtotime(): It is not safe to rely on the system's timezone settings. You are *required* to use the date.timezone setting or the date_default_timezone_set() function. In case you used any of those methods and you are still getting this warning, you most likely misspelled the timezone identifier. We selected the timezone 'UTC' for now, but please set date.timezone to select your timezone. in C:\inetpub\wwwroot\cake-starter\lib\Cake\Cache\CacheEngine.php on line 60
[07-Jan-2015 13:41:01 UTC] PHP Warning:  strtotime(): It is not safe to rely on the system's timezone settings. You are *required* to use the date.timezone setting or the date_default_timezone_set() function. In case you used any of those methods and you are still getting this warning, you most likely misspelled the timezone identifier. We selected the timezone 'UTC' for now, but please set date.timezone to select your timezone. in C:\inetpub\wwwroot\cake-starter\lib\Cake\Cache\CacheEngine.php on line 60
[07-Jan-2015 13:41:01 UTC] PHP Warning:  strtotime(): It is not safe to rely on the system's timezone settings. You are *required* to use the date.timezone setting or the date_default_timezone_set() function. In case you used any of those methods and you are still getting this warning, you most likely misspelled the timezone identifier. We selected the timezone 'UTC' for now, but please set date.timezone to select your timezone. in C:\inetpub\wwwroot\cake-starter\lib\Cake\Cache\CacheEngine.php on line 60
[07-Jan-2015 13:50:44 UTC] PHP Warning:  strtotime(): It is not safe to rely on the system's timezone settings. You are *required* to use the date.timezone setting or the date_default_timezone_set() function. In case you used any of those methods and you are still getting this warning, you most likely misspelled the timezone identifier. We selected the timezone 'UTC' for now, but please set date.timezone to select your timezone. in C:\inetpub\wwwroot\cake-starter\lib\Cake\Cache\CacheEngine.php on line 60
[07-Jan-2015 13:50:44 UTC] PHP Warning:  strtotime(): It is not safe to rely on the system's timezone settings. You are *required* to use the date.timezone setting or the date_default_timezone_set() function. In case you used any of those methods and you are still getting this warning, you most likely misspelled the timezone identifier. We selected the timezone 'UTC' for now, but please set date.timezone to select your timezone. in C:\inetpub\wwwroot\cake-starter\lib\Cake\Cache\CacheEngine.php on line 60
[07-Jan-2015 17:58:39 UTC] PHP Warning:  strtotime(): It is not safe to rely on the system's timezone settings. You are *required* to use the date.timezone setting or the date_default_timezone_set() function. In case you used any of those methods and you are still getting this warning, you most likely misspelled the timezone identifier. We selected the timezone 'UTC' for now, but please set date.timezone to select your timezone. in C:\inetpub\wwwroot\cake-starter\lib\Cake\Cache\CacheEngine.php on line 60
[07-Jan-2015 17:58:39 UTC] PHP Warning:  strtotime(): It is not safe to rely on the system's timezone settings. You are *required* to use the date.timezone setting or the date_default_timezone_set() function. In case you used any of those methods and you are still getting this warning, you most likely misspelled the timezone identifier. We selected the timezone 'UTC' for now, but please set date.timezone to select your timezone. in C:\inetpub\wwwroot\cake-starter\lib\Cake\Cache\CacheEngine.php on line 60
[07-Jan-2015 18:06:00 UTC] PHP Warning:  strtotime(): It is not safe to rely on the system's timezone settings. You are *required* to use the date.timezone setting or the date_default_timezone_set() function. In case you used any of those methods and you are still getting this warning, you most likely misspelled the timezone identifier. We selected the timezone 'UTC' for now, but please set date.timezone to select your timezone. in C:\inetpub\wwwroot\cake-starter\lib\Cake\Cache\CacheEngine.php on line 60
[07-Jan-2015 18:06:00 UTC] PHP Warning:  strtotime(): It is not safe to rely on the system's timezone settings. You are *required* to use the date.timezone setting or the date_default_timezone_set() function. In case you used any of those methods and you are still getting this warning, you most likely misspelled the timezone identifier. We selected the timezone 'UTC' for now, but please set date.timezone to select your timezone. in C:\inetpub\wwwroot\cake-starter\lib\Cake\Cache\CacheEngine.php on line 60
[07-Jan-2015 18:11:06 UTC] PHP Warning:  strtotime(): It is not safe to rely on the system's timezone settings. You are *required* to use the date.timezone setting or the date_default_timezone_set() function. In case you used any of those methods and you are still getting this warning, you most likely misspelled the timezone identifier. We selected the timezone 'UTC' for now, but please set date.timezone to select your timezone. in C:\inetpub\wwwroot\cake-starter\lib\Cake\Cache\CacheEngine.php on line 60
[07-Jan-2015 18:11:06 UTC] PHP Warning:  strtotime(): It is not safe to rely on the system's timezone settings. You are *required* to use the date.timezone setting or the date_default_timezone_set() function. In case you used any of those methods and you are still getting this warning, you most likely misspelled the timezone identifier. We selected the timezone 'UTC' for now, but please set date.timezone to select your timezone. in C:\inetpub\wwwroot\cake-starter\lib\Cake\Cache\CacheEngine.php on line 60
[07-Jan-2015 18:11:08 UTC] PHP Warning:  strtotime(): It is not safe to rely on the system's timezone settings. You are *required* to use the date.timezone setting or the date_default_timezone_set() function. In case you used any of those methods and you are still getting this warning, you most likely misspelled the timezone identifier. We selected the timezone 'UTC' for now, but please set date.timezone to select your timezone. in C:\inetpub\wwwroot\cake-starter\lib\Cake\Cache\CacheEngine.php on line 60
[07-Jan-2015 18:11:08 UTC] PHP Warning:  strtotime(): It is not safe to rely on the system's timezone settings. You are *required* to use the date.timezone setting or the date_default_timezone_set() function. In case you used any of those methods and you are still getting this warning, you most likely misspelled the timezone identifier. We selected the timezone 'UTC' for now, but please set date.timezone to select your timezone. in C:\inetpub\wwwroot\cake-starter\lib\Cake\Cache\CacheEngine.php on line 60
[07-Jan-2015 18:22:52 UTC] PHP Warning:  strtotime(): It is not safe to rely on the system's timezone settings. You are *required* to use the date.timezone setting or the date_default_timezone_set() function. In case you used any of those methods and you are still getting this warning, you most likely misspelled the timezone identifier. We selected the timezone 'UTC' for now, but please set date.timezone to select your timezone. in C:\inetpub\wwwroot\cake-starter\lib\Cake\Cache\CacheEngine.php on line 60
[07-Jan-2015 18:22:52 UTC] PHP Warning:  strtotime(): It is not safe to rely on the system's timezone settings. You are *required* to use the date.timezone setting or the date_default_timezone_set() function. In case you used any of those methods and you are still getting this warning, you most likely misspelled the timezone identifier. We selected the timezone 'UTC' for now, but please set date.timezone to select your timezone. in C:\inetpub\wwwroot\cake-starter\lib\Cake\Cache\CacheEngine.php on line 60
[07-Jan-2015 18:36:51 UTC] PHP Warning:  strtotime(): It is not safe to rely on the system's timezone settings. You are *required* to use the date.timezone setting or the date_default_timezone_set() function. In case you used any of those methods and you are still getting this warning, you most likely misspelled the timezone identifier. We selected the timezone 'UTC' for now, but please set date.timezone to select your timezone. in C:\inetpub\wwwroot\cake-starter\lib\Cake\Cache\CacheEngine.php on line 60
[07-Jan-2015 18:36:51 UTC] PHP Warning:  strtotime(): It is not safe to rely on the system's timezone settings. You are *required* to use the date.timezone setting or the date_default_timezone_set() function. In case you used any of those methods and you are still getting this warning, you most likely misspelled the timezone identifier. We selected the timezone 'UTC' for now, but please set date.timezone to select your timezone. in C:\inetpub\wwwroot\cake-starter\lib\Cake\Cache\CacheEngine.php on line 60
[07-Jan-2015 18:41:44 UTC] PHP Warning:  strtotime(): It is not safe to rely on the system's timezone settings. You are *required* to use the date.timezone setting or the date_default_timezone_set() function. In case you used any of those methods and you are still getting this warning, you most likely misspelled the timezone identifier. We selected the timezone 'UTC' for now, but please set date.timezone to select your timezone. in C:\inetpub\wwwroot\cake-starter\lib\Cake\Cache\CacheEngine.php on line 60
[07-Jan-2015 18:41:44 UTC] PHP Warning:  strtotime(): It is not safe to rely on the system's timezone settings. You are *required* to use the date.timezone setting or the date_default_timezone_set() function. In case you used any of those methods and you are still getting this warning, you most likely misspelled the timezone identifier. We selected the timezone 'UTC' for now, but please set date.timezone to select your timezone. in C:\inetpub\wwwroot\cake-starter\lib\Cake\Cache\CacheEngine.php on line 60
[10-Jan-2015 16:08:20 America/New_York] PHP Fatal error:  Allowed memory size of 134217728 bytes exhausted (tried to allocate 3547077 bytes) in C:\inetpub\wwwroot\dac\lib\Cake\View\View.php on line 964
[10-Jan-2015 16:10:12 America/New_York] PHP Fatal error:  Allowed memory size of 134217728 bytes exhausted (tried to allocate 3547077 bytes) in C:\inetpub\wwwroot\dac\lib\Cake\Event\CakeEventManager.php on line 243
[10-Jan-2015 16:27:22 America/New_York] PHP Fatal error:  Allowed memory size of 134217728 bytes exhausted (tried to allocate 3547445 bytes) in C:\inetpub\wwwroot\dac\lib\Cake\View\View.php on line 964
[10-Jan-2015 16:54:39 America/New_York] PHP Fatal error:  Allowed memory size of 134217728 bytes exhausted (tried to allocate 3547445 bytes) in C:\inetpub\wwwroot\dac\lib\Cake\Event\CakeEventManager.php on line 243
[10-Jan-2015 17:35:33 America/New_York] PHP Fatal error:  Allowed memory size of 134217728 bytes exhausted (tried to allocate 3547445 bytes) in C:\inetpub\wwwroot\dac\lib\Cake\View\View.php on line 964
[13-Jan-2015 15:46:31 America/New_York] PHP Fatal error:  Call to a member function get() on array in C:\inetpub\wwwroot\dac\app\Controller\EnrollmentsController.php on line 18
[13-Jan-2015 15:50:44 America/New_York] PHP Fatal error:  Call to a member function find() on null in C:\inetpub\wwwroot\dac\app\Controller\EnrollmentsController.php on line 19
[13-Jan-2015 15:51:47 America/New_York] PHP Fatal error:  Call to a member function find() on null in C:\inetpub\wwwroot\dac\app\Controller\EnrollmentsController.php on line 19
[13-Jan-2015 15:53:30 America/New_York] PHP Fatal error:  Call to a member function find() on null in C:\inetpub\wwwroot\dac\app\Controller\EnrollmentsController.php on line 19
[16-Jan-2015 12:47:37 America/New_York] PHP Parse error:  syntax error, unexpected '=>' (T_DOUBLE_ARROW) in C:\inetpub\wwwroot\dac\app\Controller\CourseOfferingsController.php on line 39
[16-Jan-2015 13:13:39 America/New_York] PHP Parse error:  syntax error, unexpected '$this' (T_VARIABLE) in C:\inetpub\wwwroot\dac\app\View\CourseOfferings\add.ctp on line 20
[18-Jan-2015 16:31:13 America/New_York] PHP Fatal error:  Allowed memory size of 134217728 bytes exhausted (tried to allocate 63537152 bytes) in C:\inetpub\wwwroot\dac\app\View\Layouts\default.ctp on line 47
[19-Jan-2015 15:30:15 America/New_York] PHP Parse error:  syntax error, unexpected '?>' in C:\inetpub\wwwroot\dac\app\View\CourseOfferings\index.ctp on line 42
[19-Jan-2015 16:41:22 America/New_York] PHP Fatal error:  Maximum execution time of 30 seconds exceeded in C:\inetpub\wwwroot\dac\lib\Cake\Model\Datasource\CakeSession.php on line 663
[19-Jan-2015 16:55:34 America/New_York] PHP Warning:  Uncaught exception 'PDOException' with message 'SQLSTATE[HY000] [2002] A connection attempt failed because the connected party did not properly respond after a period of time, or established connection failed because connected host has failed to respond.
' in C:\inetpub\wwwroot\dac\lib\Cake\Model\Datasource\Database\Mysql.php:184
Stack trace:
#0 C:\inetpub\wwwroot\dac\lib\Cake\Model\Datasource\Database\Mysql.php(184): PDO->__construct('mysql:host=127....', 'root', 'S10bhan?', Array)
#1 C:\inetpub\wwwroot\dac\lib\Cake\Model\Datasource\DboSource.php(260): Mysql->connect()
#2 C:\inetpub\wwwroot\dac\lib\Cake\Model\ConnectionManager.php(105): DboSource->__construct(Array)
#3 C:\inetpub\wwwroot\dac\lib\Cake\Model\Model.php(3613): ConnectionManager::getDataSource('default')
#4 C:\inetpub\wwwroot\dac\lib\Cake\Model\Model.php(1155): Model->setDataSource('default')
#5 C:\inetpub\wwwroot\dac\lib\Cake\Model\Model.php(3640): Model->setSource('course_offering...')
#6 C:\inetpub\wwwroot\dac\lib\Cake\Model\Model.php(3018):  in C:\inetpub\wwwroot\dac\lib\Cake\Model\Datasource\Database\Mysql.php on line 184
[19-Jan-2015 16:55:34 America/New_York] PHP Fatal error:  Maximum execution time of 30 seconds exceeded in C:\inetpub\wwwroot\dac\lib\Cake\Model\Datasource\Database\Mysql.php on line 184
[19-Jan-2015 17:01:33 America/New_York] PHP Warning:  Uncaught exception 'PDOException' with message 'SQLSTATE[HY000] [2002] A connection attempt failed because the connected party did not properly respond after a period of time, or established connection failed because connected host has failed to respond.
' in C:\inetpub\wwwroot\dac\lib\Cake\Model\Datasource\Database\Mysql.php:184
Stack trace:
#0 C:\inetpub\wwwroot\dac\lib\Cake\Model\Datasource\Database\Mysql.php(184): PDO->__construct('mysql:host=127....', 'root', 'S10bhan?', Array)
#1 C:\inetpub\wwwroot\dac\lib\Cake\Model\Datasource\DboSource.php(260): Mysql->connect()
#2 C:\inetpub\wwwroot\dac\lib\Cake\Model\ConnectionManager.php(105): DboSource->__construct(Array)
#3 C:\inetpub\wwwroot\dac\lib\Cake\Model\Model.php(3613): ConnectionManager::getDataSource('default')
#4 C:\inetpub\wwwroot\dac\lib\Cake\Model\Model.php(1155): Model->setDataSource('default')
#5 C:\inetpub\wwwroot\dac\lib\Cake\Model\Model.php(3640): Model->setSource('course_offering...')
#6 C:\inetpub\wwwroot\dac\lib\Cake\Model\Model.php(3018):  in C:\inetpub\wwwroot\dac\lib\Cake\Model\Datasource\Database\Mysql.php on line 184
[19-Jan-2015 17:01:33 America/New_York] PHP Fatal error:  Maximum execution time of 30 seconds exceeded in C:\inetpub\wwwroot\dac\lib\Cake\Model\Datasource\Database\Mysql.php on line 184
[19-Jan-2015 17:03:19 America/New_York] PHP Warning:  Uncaught exception 'PDOException' with message 'SQLSTATE[HY000] [2002] A connection attempt failed because the connected party did not properly respond after a period of time, or established connection failed because connected host has failed to respond.
' in C:\inetpub\wwwroot\dac\lib\Cake\Model\Datasource\Database\Mysql.php:184
Stack trace:
#0 C:\inetpub\wwwroot\dac\lib\Cake\Model\Datasource\Database\Mysql.php(184): PDO->__construct('mysql:host=127....', 'root', 'S10bhan?', Array)
#1 C:\inetpub\wwwroot\dac\lib\Cake\Model\Datasource\DboSource.php(260): Mysql->connect()
#2 C:\inetpub\wwwroot\dac\lib\Cake\Model\ConnectionManager.php(105): DboSource->__construct(Array)
#3 C:\inetpub\wwwroot\dac\lib\Cake\Model\Model.php(3613): ConnectionManager::getDataSource('default')
#4 C:\inetpub\wwwroot\dac\lib\Cake\Model\Model.php(1155): Model->setDataSource('default')
#5 C:\inetpub\wwwroot\dac\lib\Cake\Model\Model.php(3640): Model->setSource('course_offering...')
#6 C:\inetpub\wwwroot\dac\lib\Cake\Model\Model.php(3018):  in C:\inetpub\wwwroot\dac\lib\Cake\Model\Datasource\Database\Mysql.php on line 184
[19-Jan-2015 17:03:19 America/New_York] PHP Fatal error:  Maximum execution time of 30 seconds exceeded in C:\inetpub\wwwroot\dac\lib\Cake\Model\Datasource\Database\Mysql.php on line 184
[19-Jan-2015 17:08:23 America/New_York] PHP Warning:  Uncaught exception 'PDOException' with message 'SQLSTATE[HY000] [2002] A connection attempt failed because the connected party did not properly respond after a period of time, or established connection failed because connected host has failed to respond.
' in C:\inetpub\wwwroot\dac\lib\Cake\Model\Datasource\Database\Mysql.php:184
Stack trace:
#0 C:\inetpub\wwwroot\dac\lib\Cake\Model\Datasource\Database\Mysql.php(184): PDO->__construct('mysql:host=127....', 'root', 'S10bhan?', Array)
#1 C:\inetpub\wwwroot\dac\lib\Cake\Model\Datasource\DboSource.php(260): Mysql->connect()
#2 C:\inetpub\wwwroot\dac\lib\Cake\Model\ConnectionManager.php(105): DboSource->__construct(Array)
#3 C:\inetpub\wwwroot\dac\lib\Cake\Model\Model.php(3613): ConnectionManager::getDataSource('default')
#4 C:\inetpub\wwwroot\dac\lib\Cake\Model\Model.php(1155): Model->setDataSource('default')
#5 C:\inetpub\wwwroot\dac\lib\Cake\Model\Model.php(3640): Model->setSource('instructors')
#6 C:\inetpub\wwwroot\dac\lib\Cake\Model\Model.php(3018): Model-> in C:\inetpub\wwwroot\dac\lib\Cake\Model\Datasource\Database\Mysql.php on line 184
[19-Jan-2015 17:08:23 America/New_York] PHP Fatal error:  Maximum execution time of 30 seconds exceeded in C:\inetpub\wwwroot\dac\lib\Cake\Model\Datasource\Database\Mysql.php on line 184
[19-Jan-2015 17:08:57 America/New_York] PHP Warning:  Uncaught exception 'PDOException' with message 'SQLSTATE[HY000] [2002] A connection attempt failed because the connected party did not properly respond after a period of time, or established connection failed because connected host has failed to respond.
' in C:\inetpub\wwwroot\dac\lib\Cake\Model\Datasource\Database\Mysql.php:184
Stack trace:
#0 C:\inetpub\wwwroot\dac\lib\Cake\Model\Datasource\Database\Mysql.php(184): PDO->__construct('mysql:host=127....', 'root', 'S10bhan?', Array)
#1 C:\inetpub\wwwroot\dac\lib\Cake\Model\Datasource\DboSource.php(260): Mysql->connect()
#2 C:\inetpub\wwwroot\dac\lib\Cake\Model\ConnectionManager.php(105): DboSource->__construct(Array)
#3 C:\inetpub\wwwroot\dac\lib\Cake\Model\Model.php(3613): ConnectionManager::getDataSource('default')
#4 C:\inetpub\wwwroot\dac\lib\Cake\Model\Model.php(1155): Model->setDataSource('default')
#5 C:\inetpub\wwwroot\dac\lib\Cake\Model\Model.php(3640): Model->setSource('instructors')
#6 C:\inetpub\wwwroot\dac\lib\Cake\Model\Model.php(3018): Model-> in C:\inetpub\wwwroot\dac\lib\Cake\Model\Datasource\Database\Mysql.php on line 184
[19-Jan-2015 17:08:57 America/New_York] PHP Fatal error:  Maximum execution time of 30 seconds exceeded in C:\inetpub\wwwroot\dac\lib\Cake\Model\Datasource\Database\Mysql.php on line 184
[19-Jan-2015 17:09:36 America/New_York] PHP Warning:  Uncaught exception 'PDOException' with message 'SQLSTATE[HY000] [2002] A connection attempt failed because the connected party did not properly respond after a period of time, or established connection failed because connected host has failed to respond.
' in C:\inetpub\wwwroot\dac\lib\Cake\Model\Datasource\Database\Mysql.php:184
Stack trace:
#0 C:\inetpub\wwwroot\dac\lib\Cake\Model\Datasource\Database\Mysql.php(184): PDO->__construct('mysql:host=127....', 'root', 'S10bhan?', Array)
#1 C:\inetpub\wwwroot\dac\lib\Cake\Model\Datasource\DboSource.php(260): Mysql->connect()
#2 C:\inetpub\wwwroot\dac\lib\Cake\Model\ConnectionManager.php(105): DboSource->__construct(Array)
#3 C:\inetpub\wwwroot\dac\lib\Cake\Model\Model.php(3613): ConnectionManager::getDataSource('default')
#4 C:\inetpub\wwwroot\dac\lib\Cake\Model\Model.php(1155): Model->setDataSource('default')
#5 C:\inetpub\wwwroot\dac\lib\Cake\Model\Model.php(3640): Model->setSource('instructors')
#6 C:\inetpub\wwwroot\dac\lib\Cake\Model\Model.php(3018): Model-> in C:\inetpub\wwwroot\dac\lib\Cake\Model\Datasource\Database\Mysql.php on line 184
[19-Jan-2015 17:09:36 America/New_York] PHP Fatal error:  Maximum execution time of 30 seconds exceeded in C:\inetpub\wwwroot\dac\lib\Cake\Model\Datasource\Database\Mysql.php on line 184
[19-Jan-2015 17:10:18 America/New_York] PHP Warning:  Uncaught exception 'PDOException' with message 'SQLSTATE[HY000] [2002] A connection attempt failed because the connected party did not properly respond after a period of time, or established connection failed because connected host has failed to respond.
' in C:\inetpub\wwwroot\dac\lib\Cake\Model\Datasource\Database\Mysql.php:184
Stack trace:
#0 C:\inetpub\wwwroot\dac\lib\Cake\Model\Datasource\Database\Mysql.php(184): PDO->__construct('mysql:host=127....', 'root', 'S10bhan?', Array)
#1 C:\inetpub\wwwroot\dac\lib\Cake\Model\Datasource\DboSource.php(260): Mysql->connect()
#2 C:\inetpub\wwwroot\dac\lib\Cake\Model\ConnectionManager.php(105): DboSource->__construct(Array)
#3 C:\inetpub\wwwroot\dac\lib\Cake\Model\Model.php(3613): ConnectionManager::getDataSource('default')
#4 C:\inetpub\wwwroot\dac\lib\Cake\Model\Model.php(1155): Model->setDataSource('default')
#5 C:\inetpub\wwwroot\dac\lib\Cake\Model\Model.php(3640): Model->setSource('instructors')
#6 C:\inetpub\wwwroot\dac\lib\Cake\Model\Model.php(3018): Model-> in C:\inetpub\wwwroot\dac\lib\Cake\Model\Datasource\Database\Mysql.php on line 184
[19-Jan-2015 17:10:18 America/New_York] PHP Fatal error:  Maximum execution time of 30 seconds exceeded in C:\inetpub\wwwroot\dac\lib\Cake\Model\Datasource\Database\Mysql.php on line 184
[19-Jan-2015 17:10:52 America/New_York] PHP Warning:  Uncaught exception 'PDOException' with message 'SQLSTATE[HY000] [2002] A connection attempt failed because the connected party did not properly respond after a period of time, or established connection failed because connected host has failed to respond.
' in C:\inetpub\wwwroot\dac\lib\Cake\Model\Datasource\Database\Mysql.php:184
Stack trace:
#0 C:\inetpub\wwwroot\dac\lib\Cake\Model\Datasource\Database\Mysql.php(184): PDO->__construct('mysql:host=127....', 'root', 'S10bhan?', Array)
#1 C:\inetpub\wwwroot\dac\lib\Cake\Model\Datasource\DboSource.php(260): Mysql->connect()
#2 C:\inetpub\wwwroot\dac\lib\Cake\Model\ConnectionManager.php(105): DboSource->__construct(Array)
#3 C:\inetpub\wwwroot\dac\lib\Cake\Model\Model.php(3613): ConnectionManager::getDataSource('default')
#4 C:\inetpub\wwwroot\dac\lib\Cake\Model\Model.php(1155): Model->setDataSource('default')
#5 C:\inetpub\wwwroot\dac\lib\Cake\Model\Model.php(3640): Model->setSource('instructors')
#6 C:\inetpub\wwwroot\dac\lib\Cake\Model\Model.php(3018): Model-> in C:\inetpub\wwwroot\dac\lib\Cake\Model\Datasource\Database\Mysql.php on line 184
[19-Jan-2015 17:10:52 America/New_York] PHP Fatal error:  Maximum execution time of 30 seconds exceeded in C:\inetpub\wwwroot\dac\lib\Cake\Model\Datasource\Database\Mysql.php on line 184
[19-Jan-2015 17:12:21 America/New_York] PHP Warning:  Uncaught exception 'PDOException' with message 'SQLSTATE[HY000] [2002] A connection attempt failed because the connected party did not properly respond after a period of time, or established connection failed because connected host has failed to respond.
' in C:\inetpub\wwwroot\dac\lib\Cake\Model\Datasource\Database\Mysql.php:184
Stack trace:
#0 C:\inetpub\wwwroot\dac\lib\Cake\Model\Datasource\Database\Mysql.php(184): PDO->__construct('mysql:host=127....', 'root', 'S10bhan?', Array)
#1 C:\inetpub\wwwroot\dac\lib\Cake\Model\Datasource\DboSource.php(260): Mysql->connect()
#2 C:\inetpub\wwwroot\dac\lib\Cake\Model\ConnectionManager.php(105): DboSource->__construct(Array)
#3 C:\inetpub\wwwroot\dac\lib\Cake\Model\Model.php(3613): ConnectionManager::getDataSource('default')
#4 C:\inetpub\wwwroot\dac\lib\Cake\Model\Model.php(1155): Model->setDataSource('default')
#5 C:\inetpub\wwwroot\dac\lib\Cake\Model\Model.php(3640): Model->setSource('instructors')
#6 C:\inetpub\wwwroot\dac\lib\Cake\Model\Model.php(3018): Model-> in C:\inetpub\wwwroot\dac\lib\Cake\Model\Datasource\Database\Mysql.php on line 184
[19-Jan-2015 17:12:21 America/New_York] PHP Fatal error:  Maximum execution time of 30 seconds exceeded in C:\inetpub\wwwroot\dac\lib\Cake\Model\Datasource\Database\Mysql.php on line 184
[19-Jan-2015 17:13:21 America/New_York] PHP Warning:  Uncaught exception 'PDOException' with message 'SQLSTATE[HY000] [2002] A connection attempt failed because the connected party did not properly respond after a period of time, or established connection failed because connected host has failed to respond.
' in C:\inetpub\wwwroot\dac\lib\Cake\Model\Datasource\Database\Mysql.php:184
Stack trace:
#0 C:\inetpub\wwwroot\dac\lib\Cake\Model\Datasource\Database\Mysql.php(184): PDO->__construct('mysql:host=127....', 'root', 'S10bhan?', Array)
#1 C:\inetpub\wwwroot\dac\lib\Cake\Model\Datasource\DboSource.php(260): Mysql->connect()
#2 C:\inetpub\wwwroot\dac\lib\Cake\Model\ConnectionManager.php(105): DboSource->__construct(Array)
#3 C:\inetpub\wwwroot\dac\lib\Cake\Model\Model.php(3613): ConnectionManager::getDataSource('default')
#4 C:\inetpub\wwwroot\dac\lib\Cake\Model\Model.php(1155): Model->setDataSource('default')
#5 C:\inetpub\wwwroot\dac\lib\Cake\Model\Model.php(3640): Model->setSource('course_offering...')
#6 C:\inetpub\wwwroot\dac\lib\Cake\Model\Model.php(3018):  in C:\inetpub\wwwroot\dac\lib\Cake\Model\Datasource\Database\Mysql.php on line 184
[19-Jan-2015 17:13:21 America/New_York] PHP Fatal error:  Maximum execution time of 30 seconds exceeded in C:\inetpub\wwwroot\dac\lib\Cake\Model\Datasource\Database\Mysql.php on line 184
[19-Jan-2015 17:14:10 America/New_York] PHP Warning:  Uncaught exception 'PDOException' with message 'SQLSTATE[HY000] [2002] A connection attempt failed because the connected party did not properly respond after a period of time, or established connection failed because connected host has failed to respond.
' in C:\inetpub\wwwroot\dac\lib\Cake\Model\Datasource\Database\Mysql.php:184
Stack trace:
#0 C:\inetpub\wwwroot\dac\lib\Cake\Model\Datasource\Database\Mysql.php(184): PDO->__construct('mysql:host=127....', 'root', 'S10bhan?', Array)
#1 C:\inetpub\wwwroot\dac\lib\Cake\Model\Datasource\DboSource.php(260): Mysql->connect()
#2 C:\inetpub\wwwroot\dac\lib\Cake\Model\ConnectionManager.php(105): DboSource->__construct(Array)
#3 C:\inetpub\wwwroot\dac\lib\Cake\Model\Model.php(3613): ConnectionManager::getDataSource('default')
#4 C:\inetpub\wwwroot\dac\lib\Cake\Model\Model.php(1155): Model->setDataSource('default')
#5 C:\inetpub\wwwroot\dac\lib\Cake\Model\Model.php(3640): Model->setSource('course_offering...')
#6 C:\inetpub\wwwroot\dac\lib\Cake\Model\Model.php(3018):  in C:\inetpub\wwwroot\dac\lib\Cake\Model\Datasource\Database\Mysql.php on line 184
[19-Jan-2015 17:14:10 America/New_York] PHP Fatal error:  Maximum execution time of 30 seconds exceeded in C:\inetpub\wwwroot\dac\lib\Cake\Model\Datasource\Database\Mysql.php on line 184
[21-Jan-2015 11:10:07 America/New_York] PHP Fatal error:  Allowed memory size of 134217728 bytes exhausted (tried to allocate 3393299 bytes) in C:\inetpub\wwwroot\dac\lib\Cake\View\View.php on line 958
[26-Jan-2015 11:06:44 America/New_York] PHP Fatal error:  Allowed memory size of 134217728 bytes exhausted (tried to allocate 3547811 bytes) in C:\inetpub\wwwroot\dac\lib\Cake\View\View.php on line 964
[26-Jan-2015 11:11:27 America/New_York] PHP Fatal error:  Allowed memory size of 134217728 bytes exhausted (tried to allocate 3547811 bytes) in C:\inetpub\wwwroot\dac\lib\Cake\Event\CakeEventManager.php on line 243
[26-Jan-2015 11:12:19 America/New_York] PHP Fatal error:  Allowed memory size of 134217728 bytes exhausted (tried to allocate 3547811 bytes) in C:\inetpub\wwwroot\dac\lib\Cake\View\View.php on line 964
[26-Jan-2015 11:12:54 America/New_York] PHP Fatal error:  Allowed memory size of 134217728 bytes exhausted (tried to allocate 3393671 bytes) in C:\inetpub\wwwroot\dac\lib\Cake\View\View.php on line 958
[26-Jan-2015 11:15:29 America/New_York] PHP Fatal error:  Allowed memory size of 134217728 bytes exhausted (tried to allocate 3547811 bytes) in C:\inetpub\wwwroot\dac\lib\Cake\View\View.php on line 964
[26-Jan-2015 11:19:07 America/New_York] PHP Fatal error:  Allowed memory size of 134217728 bytes exhausted (tried to allocate 3547811 bytes) in C:\inetpub\wwwroot\dac\lib\Cake\Event\CakeEventManager.php on line 243
[26-Jan-2015 11:20:34 America/New_York] PHP Fatal error:  Allowed memory size of 134217728 bytes exhausted (tried to allocate 3547811 bytes) in C:\inetpub\wwwroot\dac\lib\Cake\View\View.php on line 964
[26-Jan-2015 11:26:27 America/New_York] PHP Fatal error:  Allowed memory size of 134217728 bytes exhausted (tried to allocate 3547589 bytes) in C:\inetpub\wwwroot\dac\lib\Cake\View\View.php on line 964
[26-Jan-2015 11:32:09 America/New_York] PHP Fatal error:  Allowed memory size of 134217728 bytes exhausted (tried to allocate 3547583 bytes) in C:\inetpub\wwwroot\dac\lib\Cake\View\View.php on line 964
[27-Jan-2015 11:33:22 America/New_York] PHP Fatal error:  Call to undefined method SessionComponent::set() in C:\inetpub\wwwroot\dac\app\Controller\EnrollmentsController.php on line 61
[27-Jan-2015 15:17:07 America/New_York] PHP Fatal error:  Call to a member function save() on null in C:\inetpub\wwwroot\dac\app\Controller\PeopleController.php on line 46
[29-Jan-2015 12:20:50 America/New_York] PHP Fatal error:  Can't use method return value in write context in C:\inetpub\wwwroot\dac\app\Controller\PeopleController.php on line 54
[29-Jan-2015 16:24:23 America/New_York] PHP Fatal error:  Maximum execution time of 30 seconds exceeded in C:\inetpub\wwwroot\dac\lib\Cake\Utility\Debugger.php on line 397
[29-Jan-2015 16:25:35 America/New_York] PHP Fatal error:  Maximum execution time of 30 seconds exceeded in C:\inetpub\wwwroot\dac\lib\Cake\Utility\Debugger.php on line 397
[30-Jan-2015 11:46:13 America/New_York] PHP Fatal error:  Allowed memory size of 134217728 bytes exhausted (tried to allocate 3547445 bytes) in C:\inetpub\wwwroot\dac\lib\Cake\Event\CakeEventManager.php on line 243
[30-Jan-2015 11:48:54 America/New_York] PHP Fatal error:  Allowed memory size of 134217728 bytes exhausted (tried to allocate 3547445 bytes) in C:\inetpub\wwwroot\dac\lib\Cake\View\View.php on line 964
[31-Jan-2015 23:15:24 America/New_York] PHP Fatal error:  Call to a member function find() on null in C:\inetpub\wwwroot\dac\app\Controller\EnrollmentsController.php on line 58
[31-Jan-2015 23:18:04 America/New_York] PHP Fatal error:  Allowed memory size of 134217728 bytes exhausted (tried to allocate 3547445 bytes) in C:\inetpub\wwwroot\dac\lib\Cake\View\View.php on line 964
[02-Feb-2015 13:15:37 America/New_York] PHP Fatal error:  Maximum execution time of 30 seconds exceeded in C:\inetpub\wwwroot\dac\lib\Cake\Cache\Engine\FileEngine.php on line 354
[02-Feb-2015 15:27:51 America/New_York] PHP Fatal error:  Allowed memory size of 134217728 bytes exhausted (tried to allocate 3547445 bytes) in C:\inetpub\wwwroot\dac\lib\Cake\View\View.php on line 964
[02-Feb-2015 15:40:05 America/New_York] PHP Fatal error:  Call to undefined function isEmpty() in C:\inetpub\wwwroot\dac\app\Controller\PeopleController.php on line 20
[02-Feb-2015 16:06:28 America/New_York] PHP Fatal error:  Call to a member function serialize() on array in C:\inetpub\wwwroot\dac\app\View\People\index.ctp on line 8
[02-Feb-2015 16:06:47 America/New_York] PHP Fatal error:  Call to a member function serialize() on array in C:\inetpub\wwwroot\dac\app\View\People\index.ctp on line 8
[03-Feb-2015 12:49:26 America/New_York] PHP Fatal error:  Allowed memory size of 134217728 bytes exhausted (tried to allocate 3369522 bytes) in C:\inetpub\wwwroot\dac\lib\Cake\Event\CakeEventManager.php on line 243
[04-Feb-2015 11:29:43 America/New_York] PHP Fatal error:  Call to a member function find() on null in C:\inetpub\wwwroot\dac\app\Controller\EnrollmentsController.php on line 70
[04-Feb-2015 12:04:07 America/New_York] PHP Parse error:  syntax error, unexpected end of file in C:\inetpub\wwwroot\dac\app\View\Helper\FilterDisplayHelper.php on line 19
[05-Feb-2015 11:35:22 America/New_York] PHP Fatal error:  Allowed memory size of 134217728 bytes exhausted (tried to allocate 3547445 bytes) in C:\inetpub\wwwroot\dac\lib\Cake\Event\CakeEventManager.php on line 243
[05-Feb-2015 11:39:06 America/New_York] PHP Fatal error:  Allowed memory size of 134217728 bytes exhausted (tried to allocate 3547445 bytes) in C:\inetpub\wwwroot\dac\lib\Cake\Event\CakeEventManager.php on line 243
[05-Feb-2015 12:40:50 America/New_York] PHP Fatal error:  Allowed memory size of 134217728 bytes exhausted (tried to allocate 3393299 bytes) in C:\inetpub\wwwroot\dac\lib\Cake\View\View.php on line 958
[05-Feb-2015 12:45:11 America/New_York] PHP Fatal error:  Allowed memory size of 134217728 bytes exhausted (tried to allocate 3547445 bytes) in C:\inetpub\wwwroot\dac\lib\Cake\Event\CakeEventManager.php on line 243
[05-Feb-2015 13:17:07 America/New_York] PHP Fatal error:  Allowed memory size of 134217728 bytes exhausted (tried to allocate 3547703 bytes) in C:\inetpub\wwwroot\dac\lib\Cake\Event\CakeEventManager.php on line 243
[07-Feb-2015 09:59:01 America/New_York] PHP Parse error:  syntax error, unexpected 'App' (T_STRING), expecting function (T_FUNCTION) in C:\inetpub\wwwroot\dac\app\Controller\PDFController.php on line 11
[07-Feb-2015 11:11:20 America/New_York] PHP Fatal error:  Call to undefined function vendor() in C:\inetpub\wwwroot\dac\app\View\Helper\fpdfHelper.php on line 9
[07-Feb-2015 18:57:24 America/New_York] PHP Fatal error:  Call to a member function AddPage() on null in C:\inetpub\wwwroot\dac\app\View\PDF\index_pdf.ctp on line 10
[07-Feb-2015 18:59:32 America/New_York] PHP Fatal error:  Call to a member function AddPage() on null in C:\inetpub\wwwroot\dac\app\View\PDF\index_pdf.ctp on line 10
[07-Feb-2015 19:05:00 America/New_York] PHP Fatal error:  Call to a member function SetFont() on null in C:\inetpub\wwwroot\dac\app\View\PDF\index_pdf.ctp on line 12
[07-Feb-2015 20:43:44 America/New_York] PHP Parse error:  syntax error, unexpected ',' in C:\inetpub\wwwroot\dac\app\View\PDF\index_pdf.ctp on line 14
[09-Feb-2015 19:58:48 America/New_York] PHP Parse error:  syntax error, unexpected end of file, expecting function (T_FUNCTION) in C:\inetpub\wwwroot\dac\app\Controller\EntitiesController.php on line 91
[09-Feb-2015 21:48:50 America/New_York] PHP Parse error:  syntax error, unexpected ')', expecting ']' in C:\inetpub\wwwroot\dac\app\View\Enrollments\enrollments_report.ctp on line 24
[10-Feb-2015 19:29:32 America/New_York] PHP Fatal error:  Call to a member function find() on null in C:\inetpub\wwwroot\dac\app\Controller\EnrollmentsController.php on line 66
[13-Feb-2015 09:17:50 America/New_York] PHP Fatal error:  Call to undefined function image() in C:\inetpub\wwwroot\dac\app\View\Enrollments\index.ctp on line 81
[13-Feb-2015 13:16:21 America/New_York] PHP Parse error:  syntax error, unexpected '}' in C:\inetpub\wwwroot\dac\app\View\Enrollments\print_certificates.ctp on line 47
[19-Feb-2015 14:12:03 America/New_York] PHP Fatal error:  Call to undefined method Faq::schema() in C:\inetpub\wwwroot\dac\lib\Cake\Controller\Scaffold.php on line 135
[20-Feb-2015 18:09:23 America/New_York] PHP Fatal error:  Allowed memory size of 134217728 bytes exhausted (tried to allocate 3547435 bytes) in C:\inetpub\wwwroot\dac\lib\Cake\View\View.php on line 964
[20-Feb-2015 18:21:10 America/New_York] PHP Fatal error:  Allowed memory size of 134217728 bytes exhausted (tried to allocate 3547495 bytes) in C:\inetpub\wwwroot\dac\lib\Cake\Event\CakeEventManager.php on line 243
[20-Feb-2015 18:38:46 America/New_York] PHP Fatal error:  Allowed memory size of 134217728 bytes exhausted (tried to allocate 3547479 bytes) in C:\inetpub\wwwroot\dac\lib\Cake\Event\CakeEventManager.php on line 243
[20-Feb-2015 18:43:26 America/New_York] PHP Fatal error:  Allowed memory size of 134217728 bytes exhausted (tried to allocate 3547481 bytes) in C:\inetpub\wwwroot\dac\lib\Cake\Event\CakeEventManager.php on line 243
[20-Feb-2015 19:56:00 America/New_York] PHP Fatal error:  Call to undefined function build_certificate_data_array() in C:\inetpub\wwwroot\dac\app\Controller\EnrollmentsController.php on line 186
[20-Feb-2015 20:36:22 America/New_York] PHP Fatal error:  Allowed memory size of 134217728 bytes exhausted (tried to allocate 3369522 bytes) in C:\inetpub\wwwroot\dac\lib\Cake\Event\CakeEventManager.php on line 243
[20-Feb-2015 21:15:26 America/New_York] PHP Fatal error:  Allowed memory size of 134217728 bytes exhausted (tried to allocate 3547445 bytes) in C:\inetpub\wwwroot\dac\lib\Cake\View\View.php on line 964
[20-Feb-2015 21:31:03 America/New_York] PHP Fatal error:  Allowed memory size of 134217728 bytes exhausted (tried to allocate 3547389 bytes) in C:\inetpub\wwwroot\dac\lib\Cake\View\View.php on line 964
[21-Feb-2015 06:18:19 America/New_York] PHP Fatal error:  Allowed memory size of 134217728 bytes exhausted (tried to allocate 3547445 bytes) in C:\inetpub\wwwroot\dac\lib\Cake\View\View.php on line 964
[21-Feb-2015 08:51:40 America/New_York] PHP Fatal error:  Maximum execution time of 30 seconds exceeded in C:\inetpub\wwwroot\dac\app\Vendor\fpdf\fpdf.php on line 1225
[21-Feb-2015 11:15:22 America/New_York] PHP Fatal error:  Maximum execution time of 30 seconds exceeded in C:\inetpub\wwwroot\dac\lib\Cake\Network\CakeSocket.php on line 298
[21-Feb-2015 11:16:16 America/New_York] PHP Fatal error:  Maximum execution time of 30 seconds exceeded in C:\inetpub\wwwroot\dac\lib\Cake\Network\CakeSocket.php on line 298
[21-Feb-2015 11:21:52 America/New_York] PHP Fatal error:  Maximum execution time of 30 seconds exceeded in C:\inetpub\wwwroot\dac\lib\Cake\Network\CakeSocket.php on line 298
[21-Feb-2015 11:51:14 America/New_York] PHP Fatal error:  Maximum execution time of 30 seconds exceeded in C:\inetpub\wwwroot\dac\app\Vendor\fpdf\fpdf.php on line 1225
[21-Feb-2015 11:53:31 America/New_York] PHP Fatal error:  Maximum execution time of 30 seconds exceeded in C:\inetpub\wwwroot\dac\lib\Cake\Network\CakeSocket.php on line 275
[21-Feb-2015 12:12:59 America/New_York] PHP Fatal error:  Maximum execution time of 30 seconds exceeded in C:\inetpub\wwwroot\dac\app\Vendor\fpdf\fpdf.php on line 1213
[24-Feb-2015 10:20:23 America/New_York] PHP Fatal error:  Allowed memory size of 134217728 bytes exhausted (tried to allocate 3027368 bytes) in C:\inetpub\wwwroot\dac\lib\Cake\Event\CakeEventManager.php on line 243
[24-Feb-2015 10:22:00 America/New_York] PHP Fatal error:  Allowed memory size of 134217728 bytes exhausted (tried to allocate 3027368 bytes) in C:\inetpub\wwwroot\dac\lib\Cake\Event\CakeEventManager.php on line 243
[27-Feb-2015 12:38:20 America/New_York] PHP Fatal error:  Allowed memory size of 134217728 bytes exhausted (tried to allocate 3547445 bytes) in C:\inetpub\wwwroot\dac\lib\Cake\View\View.php on line 964
